<?xml version="1.0" encoding="UTF-8"?>
<testsuite xmlns:xsi="http://www.w3.org/2001/XMLSchema-instance" xsi:noNamespaceSchemaLocation="https://maven.apache.org/surefire/maven-surefire-plugin/xsd/surefire-test-report.xsd" name="TestSuite" time="7.222" tests="4" errors="0" skipped="0" failures="0">
  <properties>
[...]
</properties>
  <testcase name="check_ResponseBody" classname="testCases.TC_001_Get_All_Emp" time="0.04"/>
  <testcase name="check_StatusCode" classname="testCases.TC_001_Get_All_Emp" time="0.001"/>
  <testcase name="checkResponseBody" classname="testCases.TC_002_Post_New_Emp" time="0.325"/>
  <testcase name="checkStatusCode" classname="testCases.TC_002_Post_New_Emp" time="0.001"/>
</testsuite>