<?xml version="1.0" encoding="UTF-8"?>
<testng-results ignored="0" total="4" passed="4" failed="0" skipped="0">
  <reporter-output>
  </reporter-output>
  <suite started-at="2020-02-04T13:04:22 IST" name="All Test Suite" finished-at="2020-02-04T13:04:32 IST" duration-ms="9962">
    <groups>
    </groups>
    <test started-at="2020-02-04T13:04:22 IST" name="/Users/skalaskar/Desktop/Sandeep/RestAutomationFramework" finished-at="2020-02-04T13:04:32 IST" duration-ms="9962">
      <class name="testCases.TC_002_Post_New_Emp">
        <test-method is-config="true" signature="setUp()[pri:0, instance:testCases.TC_002_Post_New_Emp@4550bb58]" started-at="2020-02-04T13:04:27 IST" name="setUp" finished-at="2020-02-04T13:04:27 IST" duration-ms="1" status="PASS">
          <reporter-output>
          </reporter-output>
        </test-method> <!-- setUp -->
        <test-method is-config="true" signature="post_emp()[pri:0, instance:testCases.TC_002_Post_New_Emp@4550bb58]" started-at="2020-02-04T13:04:27 IST" name="post_emp" finished-at="2020-02-04T13:04:31 IST" duration-ms="3976" status="PASS">
          <reporter-output>
          </reporter-output>
        </test-method> <!-- post_emp -->
        <test-method signature="checkResponseBody()[pri:0, instance:testCases.TC_002_Post_New_Emp@4550bb58]" started-at="2020-02-04T13:04:31 IST" name="checkResponseBody" finished-at="2020-02-04T13:04:32 IST" duration-ms="555" status="PASS">
          <reporter-output>
          </reporter-output>
        </test-method> <!-- checkResponseBody -->
        <test-method signature="checkStatusCode()[pri:0, instance:testCases.TC_002_Post_New_Emp@4550bb58]" started-at="2020-02-04T13:04:32 IST" name="checkStatusCode" finished-at="2020-02-04T13:04:32 IST" duration-ms="0" status="PASS">
          <reporter-output>
          </reporter-output>
        </test-method> <!-- checkStatusCode -->
        <test-method is-config="true" signature="tearDown()[pri:0, instance:testCases.TC_002_Post_New_Emp@4550bb58]" started-at="2020-02-04T13:04:32 IST" name="tearDown" finished-at="2020-02-04T13:04:32 IST" duration-ms="1" status="PASS">
          <reporter-output>
          </reporter-output>
        </test-method> <!-- tearDown -->
      </class> <!-- testCases.TC_002_Post_New_Emp -->
      <class name="testCases.TC_001_Get_All_Emp">
        <test-method is-config="true" signature="setUp()[pri:0, instance:testCases.TC_001_Get_All_Emp@6adbc9d]" started-at="2020-02-04T13:04:23 IST" name="setUp" finished-at="2020-02-04T13:04:23 IST" duration-ms="84" status="PASS">
          <reporter-output>
          </reporter-output>
        </test-method> <!-- setUp -->
        <test-method is-config="true" signature="getAllEmps()[pri:0, instance:testCases.TC_001_Get_All_Emp@6adbc9d]" started-at="2020-02-04T13:04:23 IST" name="getAllEmps" finished-at="2020-02-04T13:04:27 IST" duration-ms="4214" status="PASS">
          <reporter-output>
          </reporter-output>
        </test-method> <!-- getAllEmps -->
        <test-method signature="check_ResponseBody()[pri:0, instance:testCases.TC_001_Get_All_Emp@6adbc9d]" started-at="2020-02-04T13:04:27 IST" name="check_ResponseBody" finished-at="2020-02-04T13:04:27 IST" duration-ms="22" status="PASS">
          <reporter-output>
          </reporter-output>
        </test-method> <!-- check_ResponseBody -->
        <test-method signature="check_StatusCode()[pri:0, instance:testCases.TC_001_Get_All_Emp@6adbc9d]" started-at="2020-02-04T13:04:27 IST" name="check_StatusCode" finished-at="2020-02-04T13:04:27 IST" duration-ms="1" status="PASS">
          <reporter-output>
          </reporter-output>
        </test-method> <!-- check_StatusCode -->
        <test-method is-config="true" signature="tearDown()[pri:0, instance:testCases.TC_001_Get_All_Emp@6adbc9d]" started-at="2020-02-04T13:04:27 IST" name="tearDown" finished-at="2020-02-04T13:04:27 IST" duration-ms="1" status="PASS">
          <reporter-output>
          </reporter-output>
        </test-method> <!-- tearDown -->
      </class> <!-- testCases.TC_001_Get_All_Emp -->
    </test> <!-- /Users/skalaskar/Desktop/Sandeep/RestAutomationFramework -->
  </suite> <!-- All Test Suite -->
</testng-results>
