<?xml version="1.0" encoding="UTF-8"?>
<!-- Generated by org.testng.reporters.JUnitXMLReporter -->
<testsuite ignored="0" hostname="LP-SKALASKA-MAC.local" failures="0" tests="4" name="/Users/skalaskar/Desktop/Sandeep/RestAutomationFramework" time="7.278" errors="0" timestamp="2020-02-11T16:31:07 IST">
  <testcase classname="testCases.TC_001_Get_All_Emp" name="check_ResponseBody" time="0.025"/>
  <testcase classname="testCases.TC_001_Get_All_Emp" name="check_StatusCode" time="0.0"/>
  <testcase classname="testCases.TC_002_Post_New_Emp" name="checkResponseBody" time="0.346"/>
  <testcase classname="testCases.TC_002_Post_New_Emp" name="checkStatusCode" time="0.002"/>
</testsuite> <!-- /Users/skalaskar/Desktop/Sandeep/RestAutomationFramework -->
